<?xml version="1.0" encoding="UTF-8"?>
<!-- Generated by org.testng.reporters.JUnitXMLReporter -->
<testsuite ignored="2" hostname="LP95" failures="0" tests="2" name="Default test" time="19.354" errors="0" timestamp="2023-07-14T15:56:49 IST">
  <testcase classname="Stanalone.FirstTest" name="test3" time="18.948"/>
  <testcase classname="Stanalone.FirstTest" name="test4" time="0.003"/>
  <testcase classname="Stanalone.FirstTest" name="test1" time="0.0">
    <ignored/>
  </testcase> <!-- test1 -->
  <testcase classname="Stanalone.FirstTest" name="test2" time="0.0">
    <ignored/>
  </testcase> <!-- test2 -->
</testsuite> <!-- Default test -->
