<?xml version="1.0" encoding="UTF-8"?>
<testng-results ignored="2" total="4" passed="2" failed="0" skipped="0">
  <reporter-output>
  </reporter-output>
  <suite started-at="2023-07-18T17:47:07 IST" name="Default suite" finished-at="2023-07-18T17:47:37 IST" duration-ms="30423">
    <groups>
    </groups>
    <test started-at="2023-07-18T17:47:07 IST" name="Default test" finished-at="2023-07-18T17:47:37 IST" duration-ms="30423">
      <class name="Stanalone.FirstTest">
        <test-method is-config="true" signature="setup()[pri:0, instance:Stanalone.FirstTest@63355449]" started-at="2023-07-18T17:47:07 IST" name="setup" finished-at="2023-07-18T17:47:10 IST" duration-ms="3235" status="PASS">
          <reporter-output>
          </reporter-output>
        </test-method> <!-- setup -->
        <test-method is-config="true" signature="initialize()[pri:0, instance:Stanalone.FirstTest@63355449]" started-at="2023-07-18T17:47:10 IST" name="initialize" finished-at="2023-07-18T17:47:10 IST" duration-ms="0" status="PASS">
          <reporter-output>
          </reporter-output>
        </test-method> <!-- initialize -->
        <test-method signature="test3()[pri:3, instance:Stanalone.FirstTest@63355449]" started-at="2023-07-18T17:47:10 IST" name="test3" finished-at="2023-07-18T17:47:30 IST" duration-ms="19688" status="PASS">
          <reporter-output>
          </reporter-output>
        </test-method> <!-- test3 -->
        <test-method is-config="true" signature="initialize()[pri:0, instance:Stanalone.FirstTest@63355449]" started-at="2023-07-18T17:47:30 IST" name="initialize" finished-at="2023-07-18T17:47:30 IST" duration-ms="0" status="PASS">
          <reporter-output>
          </reporter-output>
        </test-method> <!-- initialize -->
        <test-method signature="test4()[pri:4, instance:Stanalone.FirstTest@63355449]" started-at="2023-07-18T17:47:30 IST" name="test4" finished-at="2023-07-18T17:47:37 IST" depends-on-methods="Stanalone.FirstTest.test3" duration-ms="7167" status="PASS">
          <reporter-output>
          </reporter-output>
        </test-method> <!-- test4 -->
        <test-method is-config="true" signature="teardown()[pri:0, instance:Stanalone.FirstTest@63355449]" started-at="2023-07-18T17:47:37 IST" name="teardown" finished-at="2023-07-18T17:47:37 IST" duration-ms="267" status="PASS">
          <reporter-output>
          </reporter-output>
        </test-method> <!-- teardown -->
      </class> <!-- Stanalone.FirstTest -->
    </test> <!-- Default test -->
  </suite> <!-- Default suite -->
</testng-results>
