<?xml version="1.0" encoding="UTF-8"?>
<testng-results ignored="2" total="4" passed="2" failed="0" skipped="0">
  <reporter-output>
  </reporter-output>
  <suite started-at="2023-07-14T15:56:30 IST" name="Default suite" finished-at="2023-07-14T15:56:49 IST" duration-ms="19354">
    <groups>
    </groups>
    <test started-at="2023-07-14T15:56:30 IST" name="Default test" finished-at="2023-07-14T15:56:49 IST" duration-ms="19354">
      <class name="Stanalone.FirstTest">
        <test-method signature="test3()[pri:3, instance:Stanalone.FirstTest@5987e932]" started-at="2023-07-14T15:56:30 IST" name="test3" finished-at="2023-07-14T15:56:49 IST" duration-ms="18948" status="PASS">
          <reporter-output>
          </reporter-output>
        </test-method> <!-- test3 -->
        <test-method signature="test4()[pri:4, instance:Stanalone.FirstTest@5987e932]" started-at="2023-07-14T15:56:49 IST" name="test4" finished-at="2023-07-14T15:56:49 IST" depends-on-methods="Stanalone.FirstTest.test3" duration-ms="3" status="PASS">
          <reporter-output>
          </reporter-output>
        </test-method> <!-- test4 -->
        <test-method is-config="true" signature="teardown()[pri:0, instance:Stanalone.FirstTest@5987e932]" started-at="2023-07-14T15:56:49 IST" name="teardown" finished-at="2023-07-14T15:56:49 IST" duration-ms="302" status="PASS">
          <reporter-output>
          </reporter-output>
        </test-method> <!-- teardown -->
      </class> <!-- Stanalone.FirstTest -->
    </test> <!-- Default test -->
  </suite> <!-- Default suite -->
</testng-results>
